<?xml version="1.0" encoding="UTF-8"?>
<!-- Generated by org.testng.reporters.JUnitXMLReporter -->
<testsuite ignored="0" hostname="DESKTOP-MP58OJN" failures="0" tests="5" name="Default test" time="0.031" errors="0" timestamp="16 Jul 2024 10:34:34 GMT">
  <testcase classname="SampleTestCases" name="test1" time="0.01"/>
  <testcase classname="SampleTestCases" name="test2" time="0.001"/>
  <testcase classname="SampleTestCases" name="test3" time="0.001"/>
  <testcase classname="SampleTestCases" name="test4" time="0.001"/>
  <testcase classname="SampleTestCases" name="test5" time="0.001"/>
</testsuite> <!-- Default test -->
