<?xml version="1.0" encoding="UTF-8"?>
<testng-results ignored="0" total="5" passed="5" failed="0" skipped="0">
  <reporter-output>
  </reporter-output>
  <suite started-at="2024-07-16T17:30:59 IST" name="Suite" finished-at="2024-07-16T17:30:59 IST" duration-ms="55">
    <groups>
      <group name="UPEG">
        <method signature="TestngTestCases.test1()[pri:0, instance:TestngTestCases@68999068]" name="test1" class="TestngTestCases"/>
        <method signature="TestngTestCases.test2()[pri:0, instance:TestngTestCases@68999068]" name="test2" class="TestngTestCases"/>
        <method signature="TestngTestCases.test3()[pri:0, instance:TestngTestCases@68999068]" name="test3" class="TestngTestCases"/>
        <method signature="TestngTestCases.test4()[pri:0, instance:TestngTestCases@68999068]" name="test4" class="TestngTestCases"/>
        <method signature="TestngTestCases.test5()[pri:0, instance:TestngTestCases@68999068]" name="test5" class="TestngTestCases"/>
      </group> <!-- UPEG -->
    </groups>
    <test started-at="2024-07-16T17:30:59 IST" name="Test" finished-at="2024-07-16T17:30:59 IST" duration-ms="55">
      <class name="TestngTestCases">
        <test-method signature="test1()[pri:0, instance:TestngTestCases@68999068]" started-at="2024-07-16T17:30:59 IST" name="test1" finished-at="2024-07-16T17:30:59 IST" duration-ms="5" status="PASS">
          <reporter-output>
          </reporter-output>
        </test-method> <!-- test1 -->
        <test-method signature="test2()[pri:0, instance:TestngTestCases@68999068]" started-at="2024-07-16T17:30:59 IST" name="test2" finished-at="2024-07-16T17:30:59 IST" duration-ms="0" status="PASS">
          <reporter-output>
          </reporter-output>
        </test-method> <!-- test2 -->
        <test-method signature="test3()[pri:0, instance:TestngTestCases@68999068]" started-at="2024-07-16T17:30:59 IST" name="test3" finished-at="2024-07-16T17:30:59 IST" duration-ms="1" status="PASS">
          <reporter-output>
          </reporter-output>
        </test-method> <!-- test3 -->
        <test-method signature="test4()[pri:0, instance:TestngTestCases@68999068]" started-at="2024-07-16T17:30:59 IST" name="test4" finished-at="2024-07-16T17:30:59 IST" duration-ms="0" status="PASS">
          <reporter-output>
          </reporter-output>
        </test-method> <!-- test4 -->
        <test-method signature="test5()[pri:0, instance:TestngTestCases@68999068]" started-at="2024-07-16T17:30:59 IST" name="test5" finished-at="2024-07-16T17:30:59 IST" duration-ms="0" status="PASS">
          <reporter-output>
          </reporter-output>
        </test-method> <!-- test5 -->
      </class> <!-- TestngTestCases -->
    </test> <!-- Test -->
  </suite> <!-- Suite -->
</testng-results>
