<?xml version="1.0" encoding="UTF-8"?>
<testng-results ignored="1" total="5" passed="4" failed="0" skipped="0">
  <reporter-output>
  </reporter-output>
  <suite started-at="2024-07-16T11:19:35Z" name="Suite" finished-at="2024-07-16T11:19:35Z" duration-ms="32">
    <groups>
      <group name="UPEG">
        <method signature="TestngTestCases.test1()[pri:0, instance:TestngTestCases@2dcd168a]" name="test1" class="TestngTestCases"/>
        <method signature="TestngTestCases.test2()[pri:0, instance:TestngTestCases@2dcd168a]" name="test2" class="TestngTestCases"/>
        <method signature="TestngTestCases.test3()[pri:0, instance:TestngTestCases@2dcd168a]" name="test3" class="TestngTestCases"/>
        <method signature="TestngTestCases.test5()[pri:0, instance:TestngTestCases@2dcd168a]" name="test5" class="TestngTestCases"/>
      </group> <!-- UPEG -->
    </groups>
    <test started-at="2024-07-16T11:19:35Z" name="Test" finished-at="2024-07-16T11:19:35Z" duration-ms="32">
      <class name="TestngTestCases">
        <test-method signature="test1()[pri:0, instance:TestngTestCases@2dcd168a]" started-at="2024-07-16T16:49:35Z" name="test1" finished-at="2024-07-16T16:49:35Z" duration-ms="8" status="PASS">
          <reporter-output>
          </reporter-output>
        </test-method> <!-- test1 -->
        <test-method signature="test2()[pri:0, instance:TestngTestCases@2dcd168a]" started-at="2024-07-16T16:49:35Z" name="test2" finished-at="2024-07-16T16:49:35Z" duration-ms="2" status="PASS">
          <reporter-output>
          </reporter-output>
        </test-method> <!-- test2 -->
        <test-method signature="test3()[pri:0, instance:TestngTestCases@2dcd168a]" started-at="2024-07-16T16:49:35Z" name="test3" finished-at="2024-07-16T16:49:35Z" duration-ms="1" status="PASS">
          <reporter-output>
          </reporter-output>
        </test-method> <!-- test3 -->
        <test-method signature="test5()[pri:0, instance:TestngTestCases@2dcd168a]" started-at="2024-07-16T16:49:35Z" name="test5" finished-at="2024-07-16T16:49:35Z" duration-ms="0" status="PASS">
          <reporter-output>
          </reporter-output>
        </test-method> <!-- test5 -->
      </class> <!-- TestngTestCases -->
    </test> <!-- Test -->
  </suite> <!-- Suite -->
</testng-results>
